<?xml version="1.0" encoding="UTF-8"?>
<testsuite name="com.mindex.challenge.DataBootstrapTest" tests="1" skipped="0" failures="0" errors="0" timestamp="2024-01-10T20:39:21" hostname="MSI" time="0.033">
  <properties/>
  <testcase name="test" classname="com.mindex.challenge.DataBootstrapTest" time="0.033"/>
  <system-out><![CDATA[2024-01-10 15:39:21.137  INFO 24192 --- [    Test worker] .b.t.c.SpringBootTestContextBootstrapper : Neither @ContextConfiguration nor @ContextHierarchy found for test class [com.mindex.challenge.DataBootstrapTest], using SpringBootContextLoader
2024-01-10 15:39:21.139  INFO 24192 --- [    Test worker] o.s.t.c.support.AbstractContextLoader    : Could not detect default resource locations for test class [com.mindex.challenge.DataBootstrapTest]: no resource found for suffixes {-context.xml, Context.groovy}.
2024-01-10 15:39:21.139  INFO 24192 --- [    Test worker] t.c.s.AnnotationConfigContextLoaderUtils : Could not detect default configuration classes for test class [com.mindex.challenge.DataBootstrapTest]: DataBootstrapTest does not declare any static, non-private, non-final, nested classes annotated with @Configuration.
2024-01-10 15:39:21.140  INFO 24192 --- [    Test worker] .b.t.c.SpringBootTestContextBootstrapper : Found @SpringBootConfiguration com.mindex.challenge.ChallengeApplication for test class com.mindex.challenge.DataBootstrapTest
2024-01-10 15:39:21.142  INFO 24192 --- [    Test worker] .b.t.c.SpringBootTestContextBootstrapper : Loaded default TestExecutionListener class names from location [META-INF/spring.factories]: [org.springframework.boot.test.autoconfigure.restdocs.RestDocsTestExecutionListener, org.springframework.boot.test.autoconfigure.web.client.MockRestServiceServerResetTestExecutionListener, org.springframework.boot.test.autoconfigure.web.servlet.MockMvcPrintOnlyOnFailureTestExecutionListener, org.springframework.boot.test.autoconfigure.web.servlet.WebDriverTestExecutionListener, org.springframework.boot.test.mock.mockito.MockitoTestExecutionListener, org.springframework.boot.test.mock.mockito.ResetMocksTestExecutionListener, org.springframework.test.context.web.ServletTestExecutionListener, org.springframework.test.context.support.DirtiesContextBeforeModesTestExecutionListener, org.springframework.test.context.support.DependencyInjectionTestExecutionListener, org.springframework.test.context.support.DirtiesContextTestExecutionListener, org.springframework.test.context.transaction.TransactionalTestExecutionListener, org.springframework.test.context.jdbc.SqlScriptsTestExecutionListener, org.springframework.test.context.event.EventPublishingTestExecutionListener]
2024-01-10 15:39:21.142  INFO 24192 --- [    Test worker] .b.t.c.SpringBootTestContextBootstrapper : Using TestExecutionListeners: [org.springframework.test.context.web.ServletTestExecutionListener@5e0c70f8, org.springframework.test.context.support.DirtiesContextBeforeModesTestExecutionListener@3d873c65, org.springframework.boot.test.mock.mockito.MockitoTestExecutionListener@1fd0f5b7, org.springframework.boot.test.autoconfigure.SpringBootDependencyInjectionTestExecutionListener@2c75d718, org.springframework.test.context.support.DirtiesContextTestExecutionListener@1143f9de, org.springframework.test.context.transaction.TransactionalTestExecutionListener@15238b87, org.springframework.test.context.jdbc.SqlScriptsTestExecutionListener@d46b9d9, org.springframework.test.context.event.EventPublishingTestExecutionListener@f89627e, org.springframework.boot.test.autoconfigure.restdocs.RestDocsTestExecutionListener@10ae758, org.springframework.boot.test.autoconfigure.web.client.MockRestServiceServerResetTestExecutionListener@87c2b4d, org.springframework.boot.test.autoconfigure.web.servlet.MockMvcPrintOnlyOnFailureTestExecutionListener@30ccd3ea, org.springframework.boot.test.autoconfigure.web.servlet.WebDriverTestExecutionListener@7412dd1f, org.springframework.boot.test.mock.mockito.ResetMocksTestExecutionListener@2274c4e2]
]]></system-out>
  <system-err><![CDATA[]]></system-err>
</testsuite>
