<?xml version="1.0" encoding="UTF-8"?>
<testsuite name="com.mindex.challenge.service.impl.EmployeeServiceImplTest" tests="2" skipped="0" failures="0" errors="0" timestamp="2024-01-10T20:39:22" hostname="MSI" time="0.044">
  <properties/>
  <testcase name="testCreateReadUpdate" classname="com.mindex.challenge.service.impl.EmployeeServiceImplTest" time="0.032"/>
  <testcase name="testCalculateTotalReports" classname="com.mindex.challenge.service.impl.EmployeeServiceImplTest" time="0.011"/>
  <system-out><![CDATA[2024-01-10 15:39:22.313  INFO 24192 --- [    Test worker] .b.t.c.SpringBootTestContextBootstrapper : Neither @ContextConfiguration nor @ContextHierarchy found for test class [com.mindex.challenge.service.impl.EmployeeServiceImplTest], using SpringBootContextLoader
2024-01-10 15:39:22.314  INFO 24192 --- [    Test worker] o.s.t.c.support.AbstractContextLoader    : Could not detect default resource locations for test class [com.mindex.challenge.service.impl.EmployeeServiceImplTest]: no resource found for suffixes {-context.xml, Context.groovy}.
2024-01-10 15:39:22.314  INFO 24192 --- [    Test worker] t.c.s.AnnotationConfigContextLoaderUtils : Could not detect default configuration classes for test class [com.mindex.challenge.service.impl.EmployeeServiceImplTest]: EmployeeServiceImplTest does not declare any static, non-private, non-final, nested classes annotated with @Configuration.
2024-01-10 15:39:22.315  INFO 24192 --- [    Test worker] .b.t.c.SpringBootTestContextBootstrapper : Found @SpringBootConfiguration com.mindex.challenge.ChallengeApplication for test class com.mindex.challenge.service.impl.EmployeeServiceImplTest
2024-01-10 15:39:22.317  INFO 24192 --- [    Test worker] .b.t.c.SpringBootTestContextBootstrapper : Loaded default TestExecutionListener class names from location [META-INF/spring.factories]: [org.springframework.boot.test.autoconfigure.restdocs.RestDocsTestExecutionListener, org.springframework.boot.test.autoconfigure.web.client.MockRestServiceServerResetTestExecutionListener, org.springframework.boot.test.autoconfigure.web.servlet.MockMvcPrintOnlyOnFailureTestExecutionListener, org.springframework.boot.test.autoconfigure.web.servlet.WebDriverTestExecutionListener, org.springframework.boot.test.mock.mockito.MockitoTestExecutionListener, org.springframework.boot.test.mock.mockito.ResetMocksTestExecutionListener, org.springframework.test.context.web.ServletTestExecutionListener, org.springframework.test.context.support.DirtiesContextBeforeModesTestExecutionListener, org.springframework.test.context.support.DependencyInjectionTestExecutionListener, org.springframework.test.context.support.DirtiesContextTestExecutionListener, org.springframework.test.context.transaction.TransactionalTestExecutionListener, org.springframework.test.context.jdbc.SqlScriptsTestExecutionListener, org.springframework.test.context.event.EventPublishingTestExecutionListener]
2024-01-10 15:39:22.317  INFO 24192 --- [    Test worker] .b.t.c.SpringBootTestContextBootstrapper : Using TestExecutionListeners: [org.springframework.test.context.web.ServletTestExecutionListener@130e7265, org.springframework.test.context.support.DirtiesContextBeforeModesTestExecutionListener@528b254a, org.springframework.boot.test.mock.mockito.MockitoTestExecutionListener@64690760, org.springframework.boot.test.autoconfigure.SpringBootDependencyInjectionTestExecutionListener@7acc86a, org.springframework.test.context.support.DirtiesContextTestExecutionListener@67d10fa0, org.springframework.test.context.transaction.TransactionalTestExecutionListener@6cfbc765, org.springframework.test.context.jdbc.SqlScriptsTestExecutionListener@40059f9d, org.springframework.test.context.event.EventPublishingTestExecutionListener@218bf06f, org.springframework.boot.test.autoconfigure.restdocs.RestDocsTestExecutionListener@4e4847f1, org.springframework.boot.test.autoconfigure.web.client.MockRestServiceServerResetTestExecutionListener@7c3a71b2, org.springframework.boot.test.autoconfigure.web.servlet.MockMvcPrintOnlyOnFailureTestExecutionListener@102ff0df, org.springframework.boot.test.autoconfigure.web.servlet.WebDriverTestExecutionListener@6ed9623d, org.springframework.boot.test.mock.mockito.ResetMocksTestExecutionListener@6222d7d8]
2024-01-10 15:39:22.331 DEBUG 24192 --- [o-auto-1-exec-3] c.m.c.controller.EmployeeController      : Received employee create request for [com.mindex.challenge.data.Employee@205a5476]
2024-01-10 15:39:22.331 DEBUG 24192 --- [o-auto-1-exec-3] c.m.c.service.impl.EmployeeServiceImpl   : Creating employee [com.mindex.challenge.data.Employee@205a5476]
2024-01-10 15:39:22.339 DEBUG 24192 --- [o-auto-1-exec-4] c.m.c.controller.EmployeeController      : Received employee create request for id [5a8f054d-39b3-4921-bae0-81c01e0d329f]
2024-01-10 15:39:22.339 DEBUG 24192 --- [o-auto-1-exec-4] c.m.c.service.impl.EmployeeServiceImpl   : Creating employee with id [5a8f054d-39b3-4921-bae0-81c01e0d329f]
2024-01-10 15:39:22.348 DEBUG 24192 --- [o-auto-1-exec-5] c.m.c.controller.EmployeeController      : Received employee create request for id [5a8f054d-39b3-4921-bae0-81c01e0d329f] and employee [com.mindex.challenge.data.Employee@d653951]
2024-01-10 15:39:22.348 DEBUG 24192 --- [o-auto-1-exec-5] c.m.c.service.impl.EmployeeServiceImpl   : Updating employee [com.mindex.challenge.data.Employee@d653951]
]]></system-out>
  <system-err><![CDATA[]]></system-err>
</testsuite>
